2026-01-04 16:45:49,832 INFO o.a.j.u.JMeterUtils: Setting Locale to en_EN
2026-01-04 16:45:49,872 INFO o.a.j.JMeter: Loading user properties from: C:\Users\raofr\Download\apache-jmeter-5.6.3\apache-jmeter-5.6.3\bin\user.properties
2026-01-04 16:45:49,875 INFO o.a.j.JMeter: Loading system properties from: C:\Users\raofr\Download\apache-jmeter-5.6.3\apache-jmeter-5.6.3\bin\system.properties
2026-01-04 16:45:49,893 INFO o.a.j.JMeter: Copyright (c) 1998-2024 The Apache Software Foundation
2026-01-04 16:45:49,893 INFO o.a.j.JMeter: Version 5.6.3
2026-01-04 16:45:49,893 INFO o.a.j.JMeter: java.version=21.0.4
2026-01-04 16:45:49,893 INFO o.a.j.JMeter: java.vm.name=Java HotSpot(TM) 64-Bit Server VM
2026-01-04 16:45:49,893 INFO o.a.j.JMeter: os.name=Windows 11
2026-01-04 16:45:49,893 INFO o.a.j.JMeter: os.arch=amd64
2026-01-04 16:45:49,893 INFO o.a.j.JMeter: os.version=10.0
2026-01-04 16:45:49,893 INFO o.a.j.JMeter: file.encoding=UTF-8
2026-01-04 16:45:49,894 INFO o.a.j.JMeter: java.awt.headless=true
2026-01-04 16:45:49,894 INFO o.a.j.JMeter: Max memory     =4294967296
2026-01-04 16:45:49,894 INFO o.a.j.JMeter: Available Processors =12
2026-01-04 16:45:49,915 INFO o.a.j.JMeter: Default Locale=English (EN)
2026-01-04 16:45:49,915 INFO o.a.j.JMeter: JMeter  Locale=English (EN)
2026-01-04 16:45:49,916 INFO o.a.j.JMeter: JMeterHome=C:\Users\raofr\Download\apache-jmeter-5.6.3\apache-jmeter-5.6.3
2026-01-04 16:45:49,916 INFO o.a.j.JMeter: user.dir  =C:\Users\raofr\Download\jmeter
2026-01-04 16:45:49,917 INFO o.a.j.JMeter: PWD       =C:\Users\raofr\Download\jmeter
2026-01-04 16:45:49,920 INFO o.a.j.JMeter: IP: 192.168.1.53 Name: LAPTOP-UG6IOR83 FullName: host.docker.internal
2026-01-04 16:45:49,948 INFO o.a.j.JMeter: Setting property 'jmeter.reportgenerator.outputdir' to:'C:\Users\raofr\Download\jmeter\cartella_report_160'
2026-01-04 16:45:49,966 INFO o.a.j.r.d.ReportGenerator: ReportGenerator will use for Parsing the separator: ','
2026-01-04 16:45:49,967 INFO o.a.j.r.d.ReportGenerator: Will only generate report from results file: risultati_160_utenti.jtl
2026-01-04 16:45:49,967 INFO o.a.j.r.d.ReportGenerator: Reading report generator properties from: C:\Users\raofr\Download\apache-jmeter-5.6.3\apache-jmeter-5.6.3\bin\reportgenerator.properties
2026-01-04 16:45:49,969 INFO o.a.j.r.d.ReportGenerator: Merging with JMeter properties
2026-01-04 16:45:49,976 INFO o.a.j.r.c.ReportGeneratorConfiguration: Property 'jmeter.reportgenerator.temp_dir' not found, using default value 'temp' instead.
2026-01-04 16:45:49,983 INFO o.a.j.r.c.ReportGeneratorConfiguration: Property 'jmeter.reportgenerator.apdex_per_transaction' not found, using default value 'null' instead.
2026-01-04 16:45:50,004 INFO o.a.j.r.c.ReportGeneratorConfiguration: apdex_per_transaction is empty, not APDEX per transaction customization
2026-01-04 16:45:50,004 INFO o.a.j.r.c.ReportGeneratorConfiguration: Property 'jmeter.reportgenerator.sample_filter' not found, using default value 'null' instead.
2026-01-04 16:45:50,004 INFO o.a.j.r.c.ReportGeneratorConfiguration: Property 'jmeter.reportgenerator.report_title' not found, using default value 'null' instead.
2026-01-04 16:45:50,005 INFO o.a.j.r.c.ReportGeneratorConfiguration: Property 'jmeter.reportgenerator.start_date' not found, using default value 'null' instead.
2026-01-04 16:45:50,005 INFO o.a.j.r.c.ReportGeneratorConfiguration: Property 'jmeter.reportgenerator.end_date' not found, using default value 'null' instead.
2026-01-04 16:45:50,005 INFO o.a.j.r.c.ReportGeneratorConfiguration: Property 'jmeter.reportgenerator.date_format' not found, using default value 'null' instead.
2026-01-04 16:45:50,006 INFO o.a.j.r.c.ReportGeneratorConfiguration: Will use date range start date: null, end date: null
2026-01-04 16:45:50,013 INFO o.a.j.r.c.ReportGeneratorConfiguration: Property 'jmeter.reportgenerator.graph.totalTPS.exclude_controllers' not found, using default value 'false' instead.
2026-01-04 16:45:50,013 INFO o.a.j.r.c.ReportGeneratorConfiguration: Property 'jmeter.reportgenerator.graph.activeThreadsOverTime.exclude_controllers' not found, using default value 'false' instead.
2026-01-04 16:45:50,013 INFO o.a.j.r.c.ReportGeneratorConfiguration: Property 'jmeter.reportgenerator.graph.timeVsThreads.exclude_controllers' not found, using default value 'false' instead.
2026-01-04 16:45:50,014 INFO o.a.j.r.c.ReportGeneratorConfiguration: Property 'jmeter.reportgenerator.graph.responseTimeDistribution.exclude_controllers' not found, using default value 'false' instead.
2026-01-04 16:45:50,014 INFO o.a.j.r.c.ReportGeneratorConfiguration: Property 'jmeter.reportgenerator.graph.transactionsPerSecond.exclude_controllers' not found, using default value 'false' instead.
2026-01-04 16:45:50,014 INFO o.a.j.r.c.ReportGeneratorConfiguration: Property 'jmeter.reportgenerator.graph.responseTimePercentiles.exclude_controllers' not found, using default value 'false' instead.
2026-01-04 16:45:50,014 INFO o.a.j.r.c.ReportGeneratorConfiguration: Property 'jmeter.reportgenerator.graph.responseTimePercentilesOverTime.exclude_controllers' not found, using default value 'false' instead.
2026-01-04 16:45:50,014 INFO o.a.j.r.c.ReportGeneratorConfiguration: Property 'jmeter.reportgenerator.graph.responseTimesOverTime.exclude_controllers' not found, using default value 'false' instead.
2026-01-04 16:45:50,015 INFO o.a.j.r.c.ReportGeneratorConfiguration: Property 'jmeter.reportgenerator.graph.connectTimeOverTime.exclude_controllers' not found, using default value 'false' instead.
2026-01-04 16:45:50,015 INFO o.a.j.r.c.ReportGeneratorConfiguration: Property 'jmeter.reportgenerator.graph.latenciesOverTime.exclude_controllers' not found, using default value 'false' instead.
2026-01-04 16:45:50,016 INFO o.a.j.r.c.ReportGeneratorConfiguration: Property 'jmeter.reportgenerator.exporter.json.filters_only_sample_series' not found, using default value 'true' instead.
2026-01-04 16:45:50,017 INFO o.a.j.r.c.ReportGeneratorConfiguration: Property 'jmeter.reportgenerator.exporter.json.series_filter' not found, using default value '' instead.
2026-01-04 16:45:50,017 INFO o.a.j.r.c.ReportGeneratorConfiguration: Property 'jmeter.reportgenerator.exporter.json.show_controllers_only' not found, using default value 'false' instead.
2026-01-04 16:45:50,018 INFO o.a.j.r.c.ReportGeneratorConfiguration: Property 'jmeter.reportgenerator.exporter.html.filters_only_sample_series' not found, using default value 'true' instead.
2026-01-04 16:45:50,018 INFO o.a.j.r.c.ReportGeneratorConfiguration: Property 'jmeter.reportgenerator.exporter.html.series_filter' not found, using default value '' instead.
2026-01-04 16:45:50,018 INFO o.a.j.r.c.ReportGeneratorConfiguration: Property 'jmeter.reportgenerator.exporter.html.show_controllers_only' not found, using default value 'false' instead.
2026-01-04 16:45:50,386 INFO o.a.j.s.SaveService: Testplan (JMX) version: 2.2. Testlog (JTL) version: 2.2
2026-01-04 16:45:50,455 INFO o.a.j.s.SaveService: Using SaveService properties version 5.0
2026-01-04 16:45:50,464 INFO o.a.j.s.SaveService: Using SaveService properties file encoding UTF-8
2026-01-04 16:45:50,507 INFO o.a.j.r.p.NormalizerSampleConsumer: Using format, 'ms', to parse timeStamp field
2026-01-04 16:45:50,917 INFO o.a.j.r.p.AbstractSampleConsumer: class org.apache.jmeter.report.processor.AggregateConsumer#stopProducing(): beginDate produced 0 samples
2026-01-04 16:45:50,918 INFO o.a.j.r.p.AbstractSampleConsumer: class org.apache.jmeter.report.processor.AggregateConsumer#stopProducing(): endDate produced 0 samples
2026-01-04 16:45:50,923 INFO o.a.j.r.p.AbstractSampleConsumer: class org.apache.jmeter.report.processor.ApdexSummaryConsumer#stopProducing(): apdexSummary produced 0 samples
2026-01-04 16:45:50,924 INFO o.a.j.r.p.AbstractSampleConsumer: class org.apache.jmeter.report.processor.RequestsSummaryConsumer#stopProducing(): requestsSummary produced 0 samples
2026-01-04 16:45:50,935 INFO o.a.j.r.p.AbstractSampleConsumer: class org.apache.jmeter.report.processor.StatisticsSummaryConsumer#stopProducing(): statisticsSummary produced 0 samples
2026-01-04 16:45:50,939 INFO o.a.j.r.p.AbstractSampleConsumer: class org.apache.jmeter.report.processor.Top5ErrorsBySamplerConsumer#stopProducing(): top5ErrorsBySampler produced 0 samples
2026-01-04 16:45:50,939 INFO o.a.j.r.p.AbstractSampleConsumer: class org.apache.jmeter.report.processor.ErrorsSummaryConsumer#stopProducing(): errorsSummary produced 0 samples
2026-01-04 16:45:50,939 INFO o.a.j.r.p.AbstractSampleConsumer: class org.apache.jmeter.report.processor.graph.impl.HitsPerSecondGraphConsumer#stopProducing(): hitsPerSecond produced 0 samples
2026-01-04 16:45:51,031 INFO o.a.j.r.p.AbstractSampleConsumer: class org.apache.jmeter.report.processor.graph.impl.LatencyVSRequestGraphConsumer#stopProducing(): latencyVsRequest produced 0 samples
2026-01-04 16:45:51,031 INFO o.a.j.r.p.AbstractSampleConsumer: class org.apache.jmeter.report.processor.graph.impl.SyntheticResponseTimeDistributionGraphConsumer#stopProducing(): syntheticResponseTimeDistribution produced 0 samples
2026-01-04 16:45:51,033 INFO o.a.j.r.p.AbstractSampleConsumer: class org.apache.jmeter.report.processor.graph.impl.BytesThroughputGraphConsumer#stopProducing(): bytesThroughputOverTime produced 0 samples
2026-01-04 16:45:51,034 INFO o.a.j.r.p.AbstractSampleConsumer: class org.apache.jmeter.report.processor.graph.impl.CodesPerSecondGraphConsumer#stopProducing(): codesPerSecond produced 0 samples
2026-01-04 16:45:51,073 INFO o.a.j.r.p.AbstractSampleConsumer: class org.apache.jmeter.report.processor.graph.impl.ResponseTimeVSRequestGraphConsumer#stopProducing(): responseTimeVsRequest produced 0 samples
2026-01-04 16:45:51,074 INFO o.a.j.r.p.AbstractSampleConsumer: class org.apache.jmeter.report.processor.FilterConsumer#stopProducing(): startIntervalControlerFilter produced 10080 samples
2026-01-04 16:45:51,074 INFO o.a.j.r.p.AbstractSampleConsumer: class org.apache.jmeter.report.processor.graph.impl.TotalTPSGraphConsumer#stopProducing(): totalTPS produced 0 samples
2026-01-04 16:45:51,074 INFO o.a.j.r.p.AbstractSampleConsumer: class org.apache.jmeter.report.processor.graph.impl.ActiveThreadsGraphConsumer#stopProducing(): activeThreadsOverTime produced 0 samples
2026-01-04 16:45:51,076 INFO o.a.j.r.p.AbstractSampleConsumer: class org.apache.jmeter.report.processor.graph.impl.TimeVSThreadGraphConsumer#stopProducing(): timeVsThreads produced 0 samples
2026-01-04 16:45:51,077 INFO o.a.j.r.p.AbstractSampleConsumer: class org.apache.jmeter.report.processor.graph.impl.ResponseTimeDistributionGraphConsumer#stopProducing(): responseTimeDistribution produced 0 samples
2026-01-04 16:45:51,079 INFO o.a.j.r.p.AbstractSampleConsumer: class org.apache.jmeter.report.processor.graph.impl.TransactionsPerSecondGraphConsumer#stopProducing(): transactionsPerSecond produced 0 samples
2026-01-04 16:45:51,080 INFO o.a.j.r.p.AbstractSampleConsumer: class org.apache.jmeter.report.processor.graph.impl.ResponseTimePercentilesGraphConsumer#stopProducing(): responseTimePercentiles produced 0 samples
2026-01-04 16:45:51,088 INFO o.a.j.r.p.AbstractSampleConsumer: class org.apache.jmeter.report.processor.graph.impl.ResponseTimePercentilesOverTimeGraphConsumer#stopProducing(): responseTimePercentilesOverTime produced 0 samples
2026-01-04 16:45:51,089 INFO o.a.j.r.p.AbstractSampleConsumer: class org.apache.jmeter.report.processor.graph.impl.ResponseTimeOverTimeGraphConsumer#stopProducing(): responseTimesOverTime produced 0 samples
2026-01-04 16:45:51,090 INFO o.a.j.r.p.AbstractSampleConsumer: class org.apache.jmeter.report.processor.graph.impl.ConnectTimeOverTimeGraphConsumer#stopProducing(): connectTimeOverTime produced 0 samples
2026-01-04 16:45:51,090 INFO o.a.j.r.p.AbstractSampleConsumer: class org.apache.jmeter.report.processor.graph.impl.LatencyOverTimeGraphConsumer#stopProducing(): latenciesOverTime produced 0 samples
2026-01-04 16:45:51,090 INFO o.a.j.r.p.AbstractSampleConsumer: class org.apache.jmeter.report.processor.FilterConsumer#stopProducing(): nameFilter produced 21600 samples
2026-01-04 16:45:51,090 INFO o.a.j.r.p.AbstractSampleConsumer: class org.apache.jmeter.report.processor.FilterConsumer#stopProducing(): dateRangeFilter produced 4320 samples
2026-01-04 16:45:51,090 INFO o.a.j.r.p.AbstractSampleConsumer: class org.apache.jmeter.report.processor.NormalizerSampleConsumer#stopProducing(): normalizer produced 1440 samples
2026-01-04 16:45:51,091 INFO o.a.j.r.p.CsvFileSampleSource: produce(): 1440 samples produced in 526ms on channel 0
2026-01-04 16:45:51,092 INFO o.a.j.r.d.ReportGenerator: Exporting data using exporter:'json' of className:'org.apache.jmeter.report.dashboard.JsonExporter'
2026-01-04 16:45:51,241 INFO o.a.j.r.d.JsonExporter: Found data for consumer statisticsSummary in context
2026-01-04 16:45:51,241 INFO o.a.j.r.d.JsonExporter: Creating statistics for overall
2026-01-04 16:45:51,241 INFO o.a.j.r.d.JsonExporter: Creating statistics for other transactions
2026-01-04 16:45:51,243 INFO o.a.j.r.d.JsonExporter: Checking output folder
2026-01-04 16:45:51,245 INFO o.a.j.r.d.JsonExporter: Writing statistics JSON to C:\Users\raofr\Download\jmeter\cartella_report_160\statistics.json
2026-01-04 16:45:51,336 INFO o.a.j.r.d.ReportGenerator: Exporting data using exporter:'html' of className:'org.apache.jmeter.report.dashboard.HtmlTemplateExporter'
2026-01-04 16:45:51,342 INFO o.a.j.r.d.HtmlTemplateExporter: Will generate dashboard in folder: C:\Users\raofr\Download\jmeter\cartella_report_160
2026-01-04 16:45:51,651 INFO o.a.j.r.d.HtmlTemplateExporter: Report will be generated in: C:\Users\raofr\Download\jmeter\cartella_report_160, creating folder structure
2026-01-04 16:45:51,659 INFO o.a.j.r.d.TemplateVisitor: Copying folder from 'C:\Users\raofr\Download\apache-jmeter-5.6.3\apache-jmeter-5.6.3\bin\report-template' to 'C:\Users\raofr\Download\jmeter\cartella_report_160', got message: C:\Users\raofr\Download\jmeter\cartella_report_160, found non empty folder with following content [C:\Users\raofr\Download\jmeter\cartella_report_160\statistics.json], will be ignored
